[2026-02-25 23:33:19.811] [jointLog] [info] setting maxHashResizeThreads to 6
[2026-02-25 23:33:19.811] [jointLog] [info] Fragment incompatibility prior below threshold.  Incompatible fragments will be ignored.
[2026-02-25 23:33:19.811] [jointLog] [info] Usage of --validateMappings implies use of minScoreFraction. Since not explicitly specified, it is being set to 0.65
[2026-02-25 23:33:19.811] [jointLog] [info] Setting consensusSlack to selective-alignment default of 0.35.
[2026-02-25 23:33:19.811] [jointLog] [info] parsing read library format
[2026-02-25 23:33:19.811] [jointLog] [info] There is 1 library.
[2026-02-25 23:33:19.811] [jointLog] [info] Loading pufferfish index
[2026-02-25 23:33:19.811] [jointLog] [info] Loading dense pufferfish index.
[2026-02-25 23:33:19.872] [jointLog] [info] done
[2026-02-25 23:33:19.977] [jointLog] [info] Index contained 6109 targets
[2026-02-25 23:33:19.977] [jointLog] [info] Number of decoys : 17
[2026-02-25 23:33:19.977] [jointLog] [info] First decoy index : 6092 
[2026-02-25 23:33:20.044] [jointLog] [info] Automatically detected most likely library type as U

[2026-02-25 23:33:25.795] [jointLog] [info] Computed 6459 rich equivalence classes for further processing
[2026-02-25 23:33:25.795] [jointLog] [info] Counted 5658692 total reads in the equivalence classes 
[2026-02-25 23:33:25.801] [jointLog] [info] Number of mappings discarded because of alignment score : 409630
[2026-02-25 23:33:25.801] [jointLog] [info] Number of fragments entirely discarded because of alignment score : 125144
[2026-02-25 23:33:25.801] [jointLog] [info] Number of fragments discarded because they are best-mapped to decoys : 80683
[2026-02-25 23:33:25.801] [jointLog] [info] Number of fragments discarded because they have only dovetail (discordant) mappings to valid targets : 0
[2026-02-25 23:33:25.801] [jointLog] [info] Mapping rate = 81.8668%

[2026-02-25 23:33:25.801] [jointLog] [info] finished quantifyLibrary()
[2026-02-25 23:33:25.801] [jointLog] [info] Starting optimizer
[2026-02-25 23:33:25.804] [jointLog] [info] Marked 0 weighted equivalence classes as degenerate
[2026-02-25 23:33:25.804] [jointLog] [info] iteration = 0 | max rel diff. = 10740.6
[2026-02-25 23:33:25.821] [jointLog] [info] iteration = 100 | max rel diff. = 0.034834
[2026-02-25 23:33:25.831] [jointLog] [info] iteration = 168 | max rel diff. = 0.00085689
[2026-02-25 23:33:25.831] [jointLog] [info] Finished optimizer
[2026-02-25 23:33:25.831] [jointLog] [info] writing output 

[2026-02-25 23:33:25.795] [fileLog] [info] 
At end of round 0
==================
Observed 6912070 total fragments (6912070 in most recent round)

