[2026-02-25 20:20:33.020] [puff::index::jointLog] [info] Running fixFasta
[2026-02-25 20:20:33.224] [puff::index::jointLog] [warning] Removed 46 transcripts that were sequence duplicates of indexed transcripts.
[2026-02-25 20:20:33.224] [puff::index::jointLog] [warning] If you wish to retain duplicate transcripts, please use the `--keepDuplicates` flag
[2026-02-25 20:20:33.224] [puff::index::jointLog] [info] Replaced 0 non-ATCG nucleotides
[2026-02-25 20:20:33.224] [puff::index::jointLog] [info] Clipped poly-A tails from 0 transcripts
[2026-02-25 20:20:33.257] [puff::index::jointLog] [info] Filter size not provided; estimating from number of distinct k-mers
[2026-02-25 20:20:33.310] [puff::index::jointLog] [info] ntHll estimated 8174170 distinct k-mers, setting filter size to 2^28
[2026-02-25 20:20:37.108] [puff::index::jointLog] [info] Starting the Pufferfish indexing by reading the GFA binary file.
[2026-02-25 20:20:37.108] [puff::index::jointLog] [info] Setting the index/BinaryGfa directory yeast_index
[2026-02-25 20:20:37.120] [puff::index::jointLog] [info] Done wrapping the rank vector with a rank9sel structure.
[2026-02-25 20:20:37.120] [puff::index::jointLog] [info] contig count for validation: 11134
[2026-02-25 20:20:37.122] [puff::index::jointLog] [info] Total # of Contigs : 11134
[2026-02-25 20:20:37.122] [puff::index::jointLog] [info] Total # of numerical Contigs : 11134
[2026-02-25 20:20:37.122] [puff::index::jointLog] [info] Total # of contig vec entries: 28124
[2026-02-25 20:20:37.122] [puff::index::jointLog] [info] bits per offset entry 15
[2026-02-25 20:20:37.122] [puff::index::jointLog] [info] Done constructing the contig vector. 11135
[2026-02-25 20:20:37.123] [puff::index::jointLog] [info] # segments = 11134
[2026-02-25 20:20:37.123] [puff::index::jointLog] [info] total length = 8539593
[2026-02-25 20:20:37.124] [puff::index::jointLog] [info] Reading the reference files ...
[2026-02-25 20:20:37.142] [puff::index::jointLog] [info] positional integer width = 24
[2026-02-25 20:20:37.142] [puff::index::jointLog] [info] seqSize = 8539593
[2026-02-25 20:20:37.142] [puff::index::jointLog] [info] rankSize = 8539593
[2026-02-25 20:20:37.142] [puff::index::jointLog] [info] edgeVecSize = 0
[2026-02-25 20:20:37.142] [puff::index::jointLog] [info] num keys = 8205573
[2026-02-25 20:20:37.436] [puff::index::jointLog] [info] mphf size = 5.12605 MB
[2026-02-25 20:20:37.456] [puff::index::jointLog] [info] chunk size = 4269797
[2026-02-25 20:20:37.456] [puff::index::jointLog] [info] chunk 0 = [0, 4269797)
[2026-02-25 20:20:37.456] [puff::index::jointLog] [info] chunk 1 = [4269797, 8539563)
[2026-02-25 20:20:38.131] [puff::index::jointLog] [info] finished populating pos vector
[2026-02-25 20:20:38.132] [puff::index::jointLog] [info] writing index components
[2026-02-25 20:20:38.171] [puff::index::jointLog] [info] finished writing dense pufferfish index
