[2026-02-25 23:34:03.300] [jointLog] [info] setting maxHashResizeThreads to 6
[2026-02-25 23:34:03.300] [jointLog] [info] Fragment incompatibility prior below threshold.  Incompatible fragments will be ignored.
[2026-02-25 23:34:03.300] [jointLog] [info] Usage of --validateMappings implies use of minScoreFraction. Since not explicitly specified, it is being set to 0.65
[2026-02-25 23:34:03.300] [jointLog] [info] Setting consensusSlack to selective-alignment default of 0.35.
[2026-02-25 23:34:03.300] [jointLog] [info] parsing read library format
[2026-02-25 23:34:03.300] [jointLog] [info] There is 1 library.
[2026-02-25 23:34:03.300] [jointLog] [info] Loading pufferfish index
[2026-02-25 23:34:03.300] [jointLog] [info] Loading dense pufferfish index.
[2026-02-25 23:34:03.361] [jointLog] [info] done
[2026-02-25 23:34:03.458] [jointLog] [info] Index contained 6109 targets
[2026-02-25 23:34:03.458] [jointLog] [info] Number of decoys : 17
[2026-02-25 23:34:03.458] [jointLog] [info] First decoy index : 6092 
[2026-02-25 23:34:03.533] [jointLog] [info] Automatically detected most likely library type as U

[2026-02-25 23:34:07.462] [fileLog] [info] 
At end of round 0
==================
Observed 7528054 total fragments (7528054 in most recent round)

[2026-02-25 23:34:07.462] [jointLog] [info] Computed 6593 rich equivalence classes for further processing
[2026-02-25 23:34:07.462] [jointLog] [info] Counted 6438096 total reads in the equivalence classes 
[2026-02-25 23:34:07.467] [jointLog] [info] Number of mappings discarded because of alignment score : 279191
[2026-02-25 23:34:07.467] [jointLog] [info] Number of fragments entirely discarded because of alignment score : 82717
[2026-02-25 23:34:07.467] [jointLog] [info] Number of fragments discarded because they are best-mapped to decoys : 55199
[2026-02-25 23:34:07.467] [jointLog] [info] Number of fragments discarded because they have only dovetail (discordant) mappings to valid targets : 0
[2026-02-25 23:34:07.467] [jointLog] [info] Mapping rate = 85.5214%

[2026-02-25 23:34:07.467] [jointLog] [info] finished quantifyLibrary()
[2026-02-25 23:34:07.468] [jointLog] [info] Starting optimizer
[2026-02-25 23:34:07.470] [jointLog] [info] Marked 0 weighted equivalence classes as degenerate
[2026-02-25 23:34:07.470] [jointLog] [info] iteration = 0 | max rel diff. = 7121.75
[2026-02-25 23:34:07.491] [jointLog] [info] iteration = 100 | max rel diff. = 0.250845
[2026-02-25 23:34:07.496] [jointLog] [info] iteration = 131 | max rel diff. = 0.00648381
[2026-02-25 23:34:07.497] [jointLog] [info] Finished optimizer
[2026-02-25 23:34:07.497] [jointLog] [info] writing output 

