[2026-02-25 23:33:44.530] [jointLog] [info] setting maxHashResizeThreads to 6
[2026-02-25 23:33:44.530] [jointLog] [info] Fragment incompatibility prior below threshold.  Incompatible fragments will be ignored.
[2026-02-25 23:33:44.530] [jointLog] [info] Usage of --validateMappings implies use of minScoreFraction. Since not explicitly specified, it is being set to 0.65
[2026-02-25 23:33:44.530] [jointLog] [info] Setting consensusSlack to selective-alignment default of 0.35.
[2026-02-25 23:33:44.530] [jointLog] [info] parsing read library format
[2026-02-25 23:33:44.531] [jointLog] [info] There is 1 library.
[2026-02-25 23:33:44.531] [jointLog] [info] Loading pufferfish index
[2026-02-25 23:33:44.531] [jointLog] [info] Loading dense pufferfish index.
[2026-02-25 23:33:44.603] [jointLog] [info] done
[2026-02-25 23:33:44.720] [jointLog] [info] Index contained 6109 targets
[2026-02-25 23:33:44.720] [jointLog] [info] Number of decoys : 17
[2026-02-25 23:33:44.720] [jointLog] [info] First decoy index : 6092 
[2026-02-25 23:33:44.797] [jointLog] [info] Automatically detected most likely library type as U

[2026-02-25 23:33:50.090] [fileLog] [info] 
At end of round 0
==================
Observed 6309292 total fragments (6309292 in most recent round)

[2026-02-25 23:33:50.089] [jointLog] [info] Computed 6458 rich equivalence classes for further processing
[2026-02-25 23:33:50.089] [jointLog] [info] Counted 5808598 total reads in the equivalence classes 
[2026-02-25 23:33:50.095] [jointLog] [info] Number of mappings discarded because of alignment score : 167777
[2026-02-25 23:33:50.095] [jointLog] [info] Number of fragments entirely discarded because of alignment score : 51368
[2026-02-25 23:33:50.095] [jointLog] [info] Number of fragments discarded because they are best-mapped to decoys : 32762
[2026-02-25 23:33:50.095] [jointLog] [info] Number of fragments discarded because they have only dovetail (discordant) mappings to valid targets : 0
[2026-02-25 23:33:50.095] [jointLog] [info] Mapping rate = 92.0642%

[2026-02-25 23:33:50.095] [jointLog] [info] finished quantifyLibrary()
[2026-02-25 23:33:50.095] [jointLog] [info] Starting optimizer
[2026-02-25 23:33:50.097] [jointLog] [info] Marked 0 weighted equivalence classes as degenerate
[2026-02-25 23:33:50.097] [jointLog] [info] iteration = 0 | max rel diff. = 27041.4
[2026-02-25 23:33:50.115] [jointLog] [info] iteration = 100 | max rel diff. = 0.00460797
[2026-02-25 23:33:50.115] [jointLog] [info] iteration = 101 | max rel diff. = 0.00460797
[2026-02-25 23:33:50.115] [jointLog] [info] Finished optimizer
[2026-02-25 23:33:50.115] [jointLog] [info] writing output 

